2024-04-22T15:54:49.087+09:00  INFO 30753 --- [restartedMain] o.m.i.ItemserviceApplicationKt           : Starting ItemserviceApplicationKt using Java 17.0.5 with PID 30753 (/Volumes/DATA/git/2024-msa-springcloud/2024-msa-springcloud/itemservice/build/classes/kotlin/main started by totohyojuntak in /Volumes/DATA/git/2024-msa-springcloud/2024-msa-springcloud)
2024-04-22T15:54:49.088+09:00 DEBUG 30753 --- [restartedMain] o.m.i.ItemserviceApplicationKt           : Running with Spring Boot v3.2.5, Spring v6.1.6
2024-04-22T15:54:49.088+09:00  INFO 30753 --- [restartedMain] o.m.i.ItemserviceApplicationKt           : No active profile set, falling back to 1 default profile: "default"
2024-04-22T15:54:49.112+09:00  INFO 30753 --- [restartedMain] .e.DevToolsPropertyDefaultsPostProcessor : Devtools property defaults active! Set 'spring.devtools.add-properties' to 'false' to disable
2024-04-22T15:54:49.112+09:00  INFO 30753 --- [restartedMain] .e.DevToolsPropertyDefaultsPostProcessor : For additional web related logging consider setting the 'logging.level.web' property to 'DEBUG'
2024-04-22T15:54:49.578+09:00  INFO 30753 --- [restartedMain] .s.d.r.c.RepositoryConfigurationDelegate : Bootstrapping Spring Data JPA repositories in DEFAULT mode.
2024-04-22T15:54:49.589+09:00  INFO 30753 --- [restartedMain] .s.d.r.c.RepositoryConfigurationDelegate : Finished Spring Data repository scanning in 6 ms. Found 0 JPA repository interfaces.
2024-04-22T15:54:49.671+09:00  INFO 30753 --- [restartedMain] o.s.cloud.context.scope.GenericScope     : BeanFactory id=0d2154ca-6828-3f79-bb0d-fd4e02c3f296
2024-04-22T15:54:50.056+09:00  INFO 30753 --- [restartedMain] o.s.b.w.embedded.tomcat.TomcatWebServer  : Tomcat initialized with port 8080 (http)
2024-04-22T15:54:50.062+09:00  INFO 30753 --- [restartedMain] o.apache.catalina.core.StandardService   : Starting service [Tomcat]
2024-04-22T15:54:50.062+09:00  INFO 30753 --- [restartedMain] o.apache.catalina.core.StandardEngine    : Starting Servlet engine: [Apache Tomcat/10.1.20]
2024-04-22T15:54:50.094+09:00  INFO 30753 --- [restartedMain] o.a.c.c.C.[Tomcat].[localhost].[/]       : Initializing Spring embedded WebApplicationContext
2024-04-22T15:54:50.095+09:00  INFO 30753 --- [restartedMain] w.s.c.ServletWebServerApplicationContext : Root WebApplicationContext: initialization completed in 983 ms
2024-04-22T15:54:50.202+09:00  WARN 30753 --- [restartedMain] ConfigServletWebServerApplicationContext : Exception encountered during context initialization - cancelling refresh attempt: org.springframework.beans.factory.UnsatisfiedDependencyException: Error creating bean with name 'dataSourceScriptDatabaseInitializer' defined in class path resource [org/springframework/boot/autoconfigure/sql/init/DataSourceInitializationConfiguration.class]: Unsatisfied dependency expressed through method 'dataSourceScriptDatabaseInitializer' parameter 0: Error creating bean with name 'dataSource' defined in class path resource [org/springframework/boot/autoconfigure/jdbc/DataSourceConfiguration$Hikari.class]: Failed to instantiate [com.zaxxer.hikari.HikariDataSource]: Factory method 'dataSource' threw exception with message: Failed to determine a suitable driver class
2024-04-22T15:54:50.204+09:00  INFO 30753 --- [restartedMain] o.apache.catalina.core.StandardService   : Stopping service [Tomcat]
2024-04-22T15:54:50.222+09:00  INFO 30753 --- [restartedMain] .s.b.a.l.ConditionEvaluationReportLogger : 

Error starting ApplicationContext. To display the condition evaluation report re-run your application with 'debug' enabled.
2024-04-22T15:54:50.235+09:00 ERROR 30753 --- [restartedMain] o.s.b.d.LoggingFailureAnalysisReporter   : 

***************************
APPLICATION FAILED TO START
***************************

Description:

Failed to configure a DataSource: 'url' attribute is not specified and no embedded datasource could be configured.

Reason: Failed to determine a suitable driver class


Action:

Consider the following:
	If you want an embedded database (H2, HSQL or Derby), please put it on the classpath.
	If you have database settings to be loaded from a particular profile you may need to activate it (no profiles are currently active).

